 
****************************************
Report : timing
        -path full
        -delay min
        -max_paths 1
Design : MazeRunner
Version: Q-2019.12-SP3
Date   : Mon Dec  7 23:06:59 2020
****************************************

Operating Conditions: tt0p85v25c   Library: saed32rvt_tt0p85v25c
Wire Load Model Mode: enclosed

  Startpoint: iDRV/rght_PWM/cnt_reg[0]
              (rising edge-triggered flip-flop clocked by clk)
  Endpoint: iDRV/rght_PWM/cnt_reg[0]
            (rising edge-triggered flip-flop clocked by clk)
  Path Group: clk
  Path Type: min

  Des/Clust/Port     Wire Load Model       Library
  ------------------------------------------------
  MazeRunner         16000                 saed32rvt_tt0p85v25c

  Point                                                   Incr       Path
  --------------------------------------------------------------------------
  clock clk (rise edge)                                   0.00       0.00
  clock network delay (ideal)                             0.00       0.00
  iDRV/rght_PWM/cnt_reg[0]/CLK (DFFARX1_RVT)              0.00       0.00 r
  iDRV/rght_PWM/cnt_reg[0]/QN (DFFARX1_RVT)               0.11       0.11 f
  iDRV/rght_PWM/cnt_reg[0]/D (DFFARX1_RVT)                0.01       0.12 f
  data arrival time                                                  0.12

  clock clk (rise edge)                                   0.00       0.00
  clock network delay (ideal)                             0.00       0.00
  clock uncertainty                                       0.15       0.15
  iDRV/rght_PWM/cnt_reg[0]/CLK (DFFARX1_RVT)              0.00       0.15 r
  library hold time                                      -0.03       0.12
  data required time                                                 0.12
  --------------------------------------------------------------------------
  data required time                                                 0.12
  data arrival time                                                 -0.12
  --------------------------------------------------------------------------
  slack (MET)                                                        0.00


1
